# JRE version: OpenJDK Runtime Environment Temurin-17.0.3+7 (17.0.3+7) (build 17.0.3+7)
# Java VM: OpenJDK 64-Bit Server VM Temurin-17.0.3+7 (17.0.3+7, mixed mode, sharing, tiered, compressed oops, compressed class ptrs, g1 gc, windows-amd64)
GC Precious Log:
 CPUs: 20 total, 20 available
 Memory: 32452M
 Large Page Support: Disabled
 NUMA Support: Disabled
 Compressed Oops: Enabled (Zero based)
 Heap Region Size: 2M
 Heap Min Capacity: 512M
 Heap Initial Capacity: 512M
 Heap Max Capacity: 4072M
 Pre-touch: Disabled
 Parallel Workers: 15
 Concurrent Workers: 4
 Concurrent Refinement Workers: 15
 Periodic GC: Disabled
 String Deduplication is enabled
Heap:
 garbage-first heap   total 524288K, used 240386K [0x0000000701800000, 0x0000000800000000)
  region size 2048K, 11 young (22528K), 3 survivors (6144K)
 Metaspace       used 103083K, committed 103936K, reserved 1138688K
  class space    used 14775K, committed 15232K, reserved 1048576K
GC Heap History (20 events):
Event: 1414.350 GC heap before
{Heap before GC invocations=348 (full 16):
 garbage-first heap   total 524288K, used 301204K [0x0000000701800000, 0x0000000800000000)
  region size 2048K, 40 young (81920K), 2 survivors (4096K)
 Metaspace       used 102803K, committed 103680K, reserved 1138688K
  class space    used 14736K, committed 15168K, reserved 1048576K
}
Event: 1414.353 GC heap after
{Heap after GC invocations=349 (full 16):
 garbage-first heap   total 524288K, used 223651K [0x0000000701800000, 0x0000000800000000)
  region size 2048K, 2 young (4096K), 2 survivors (4096K)
 Metaspace       used 102803K, committed 103680K, reserved 1138688K
  class space    used 14736K, committed 15168K, reserved 1048576K
}
Event: 1418.501 GC heap before
{Heap before GC invocations=349 (full 16):
 garbage-first heap   total 524288K, used 301475K [0x0000000701800000, 0x0000000800000000)
  region size 2048K, 40 young (81920K), 2 survivors (4096K)
 Metaspace       used 102804K, committed 103680K, reserved 1138688K
  class space    used 14737K, committed 15168K, reserved 1048576K
}
Event: 1418.503 GC heap after
{Heap after GC invocations=350 (full 16):
 garbage-first heap   total 524288K, used 223367K [0x0000000701800000, 0x0000000800000000)
  region size 2048K, 2 young (4096K), 2 survivors (4096K)
 Metaspace       used 102804K, committed 103680K, reserved 1138688K
  class space    used 14737K, committed 15168K, reserved 1048576K
}
Event: 1421.244 GC heap before
{Heap before GC invocations=350 (full 16):
 garbage-first heap   total 524288K, used 301191K [0x0000000701800000, 0x0000000800000000)
  region size 2048K, 40 young (81920K), 2 survivors (4096K)
 Metaspace       used 102896K, committed 103744K, reserved 1138688K
  class space    used 14746K, committed 15168K, reserved 1048576K
}
Event: 1421.246 GC heap after
{Heap after GC invocations=351 (full 16):
 garbage-first heap   total 524288K, used 224086K [0x0000000701800000, 0x0000000800000000)
  region size 2048K, 2 young (4096K), 2 survivors (4096K)
 Metaspace       used 102896K, committed 103744K, reserved 1138688K
  class space    used 14746K, committed 15168K, reserved 1048576K
}
Event: 1422.240 GC heap before
{Heap before GC invocations=351 (full 16):
 garbage-first heap   total 524288K, used 301910K [0x0000000701800000, 0x0000000800000000)
  region size 2048K, 40 young (81920K), 2 survivors (4096K)
 Metaspace       used 102900K, committed 103744K, reserved 1138688K
  class space    used 14746K, committed 15168K, reserved 1048576K
}
Event: 1422.242 GC heap after
{Heap after GC invocations=352 (full 16):
 garbage-first heap   total 524288K, used 224102K [0x0000000701800000, 0x0000000800000000)
  region size 2048K, 2 young (4096K), 2 survivors (4096K)
 Metaspace       used 102900K, committed 103744K, reserved 1138688K
  class space    used 14746K, committed 15168K, reserved 1048576K
}
Event: 1425.541 GC heap before
{Heap before GC invocations=352 (full 16):
 garbage-first heap   total 524288K, used 301926K [0x0000000701800000, 0x0000000800000000)
  region size 2048K, 40 young (81920K), 2 survivors (4096K)
 Metaspace       used 102912K, committed 103808K, reserved 1138688K
  class space    used 14746K, committed 15168K, reserved 1048576K
}
Event: 1425.544 GC heap after
{Heap after GC invocations=353 (full 16):
 garbage-first heap   total 524288K, used 224607K [0x0000000701800000, 0x0000000800000000)
  region size 2048K, 2 young (4096K), 2 survivors (4096K)
 Metaspace       used 102912K, committed 103808K, reserved 1138688K
  class space    used 14746K, committed 15168K, reserved 1048576K
}
Event: 1426.441 GC heap before
{Heap before GC invocations=353 (full 16):
 garbage-first heap   total 524288K, used 302431K [0x0000000701800000, 0x0000000800000000)
  region size 2048K, 40 young (81920K), 2 survivors (4096K)
 Metaspace       used 102912K, committed 103808K, reserved 1138688K
  class space    used 14746K, committed 15168K, reserved 1048576K
}
Event: 1426.444 GC heap after
{Heap after GC invocations=354 (full 16):
 garbage-first heap   total 524288K, used 224434K [0x0000000701800000, 0x0000000800000000)
  region size 2048K, 2 young (4096K), 2 survivors (4096K)
 Metaspace       used 102912K, committed 103808K, reserved 1138688K
  class space    used 14746K, committed 15168K, reserved 1048576K
}
Event: 1428.747 GC heap before
{Heap before GC invocations=354 (full 16):
 garbage-first heap   total 524288K, used 302258K [0x0000000701800000, 0x0000000800000000)
  region size 2048K, 40 young (81920K), 2 survivors (4096K)
 Metaspace       used 102944K, committed 103808K, reserved 1138688K
  class space    used 14746K, committed 15168K, reserved 1048576K
}
Event: 1428.750 GC heap after
{Heap after GC invocations=355 (full 16):
 garbage-first heap   total 524288K, used 227781K [0x0000000701800000, 0x0000000800000000)
  region size 2048K, 4 young (8192K), 4 survivors (8192K)
 Metaspace       used 102944K, committed 103808K, reserved 1138688K
  class space    used 14746K, committed 15168K, reserved 1048576K
}
Event: 1429.183 GC heap before
{Heap before GC invocations=355 (full 16):
 garbage-first heap   total 524288K, used 301509K [0x0000000701800000, 0x0000000800000000)
  region size 2048K, 40 young (81920K), 4 survivors (8192K)
 Metaspace       used 102944K, committed 103808K, reserved 1138688K
  class space    used 14746K, committed 15168K, reserved 1048576K
}
Event: 1429.186 GC heap after
{Heap after GC invocations=356 (full 16):
 garbage-first heap   total 524288K, used 228196K [0x0000000701800000, 0x0000000800000000)
  region size 2048K, 3 young (6144K), 3 survivors (6144K)
 Metaspace       used 102944K, committed 103808K, reserved 1138688K
  class space    used 14746K, committed 15168K, reserved 1048576K
}
Event: 1430.604 GC heap before
{Heap before GC invocations=356 (full 16):
 garbage-first heap   total 524288K, used 303972K [0x0000000701800000, 0x0000000800000000)
  region size 2048K, 40 young (81920K), 3 survivors (6144K)
 Metaspace       used 102963K, committed 103808K, reserved 1138688K
  class space    used 14746K, committed 15168K, reserved 1048576K
}
Event: 1430.606 GC heap after
{Heap after GC invocations=357 (full 16):
 garbage-first heap   total 524288K, used 227835K [0x0000000701800000, 0x0000000800000000)
  region size 2048K, 3 young (6144K), 3 survivors (6144K)
 Metaspace       used 102963K, committed 103808K, reserved 1138688K
  class space    used 14746K, committed 15168K, reserved 1048576K
}
Event: 1440.271 GC heap before
{Heap before GC invocations=357 (full 16):
 garbage-first heap   total 524288K, used 301563K [0x0000000701800000, 0x0000000800000000)
  region size 2048K, 40 young (81920K), 3 survivors (6144K)
 Metaspace       used 102992K, committed 103936K, reserved 1138688K
  class space    used 14751K, committed 15232K, reserved 1048576K
}
Event: 1440.273 GC heap after
{Heap after GC invocations=358 (full 16):
 garbage-first heap   total 524288K, used 228098K [0x0000000701800000, 0x0000000800000000)
  region size 2048K, 3 young (6144K), 3 survivors (6144K)
 Metaspace       used 102992K, committed 103936K, reserved 1138688K
  class space    used 14751K, committed 15232K, reserved 1048576K
}

